<?xml version="1.0" encoding="UTF-8"?>
<testng-results ignored="8" total="11" passed="2" failed="1" skipped="0">
  <reporter-output>
    <line>
      <![CDATA[Next method is:testB]]>
    </line>
    <line>
      <![CDATA[testB]]>
    </line>
    <line>
      <![CDATA[Facebook – log in or sign up]]>
    </line>
    <line>
      <![CDATA[admin]]>
    </line>
    <line>
      <![CDATA[manager]]>
    </line>
    <line>
      <![CDATA[bhanu]]>
    </line>
    <line>
      <![CDATA[abcd]]>
    </line>
    <line>
      <![CDATA[akshara]]>
    </line>
    <line>
      <![CDATA[xyz]]>
    </line>
  </reporter-output>
  <suite started-at="2022-05-10T09:28:04 IST" name="Suite" finished-at="2022-05-10T09:28:15 IST" duration-ms="10253">
    <groups>
      <group name="smoke">
        <method signature="Demo1.test1()[pri:1, instance:script.Demo1@f78a47e]" name="test1" class="script.Demo1"/>
      </group> <!-- smoke -->
    </groups>
    <test started-at="2022-05-10T09:28:04 IST" name="Test1" finished-at="2022-05-10T09:28:15 IST" duration-ms="10253">
      <class name="script.ExtentReportExample">
        <test-method signature="test_report()[pri:0, instance:script.ExtentReportExample@4b741d6d]" started-at="2022-05-10T09:28:04 IST" name="test_report" finished-at="2022-05-10T09:28:05 IST" duration-ms="648" status="PASS">
          <reporter-output>
          </reporter-output>
        </test-method> <!-- test_report -->
      </class> <!-- script.ExtentReportExample -->
      <class name="script.Demo4">
        <test-method is-config="true" signature="pc(java.lang.reflect.Method)[pri:0, instance:script.Demo4@7d0b7e3c]" started-at="2022-05-10T09:28:04 IST" name="pc" finished-at="2022-05-10T09:28:04 IST" duration-ms="5" status="PASS">
          <params>
            <param index="0">
              <value>
                <![CDATA[public void script.Demo4.testB()]]>
              </value>
            </param>
          </params>
          <reporter-output>
            <line>
              <![CDATA[Next method is:testB]]>
            </line>
          </reporter-output>
        </test-method> <!-- pc -->
        <test-method signature="testB()[pri:0, instance:script.Demo4@7d0b7e3c]" started-at="2022-05-10T09:28:04 IST" name="testB" finished-at="2022-05-10T09:28:04 IST" duration-ms="13" status="PASS">
          <reporter-output>
            <line>
              <![CDATA[testB]]>
            </line>
          </reporter-output>
        </test-method> <!-- testB -->
      </class> <!-- script.Demo4 -->
      <class name="script.Demo1">
        <test-method is-config="true" signature="initReport()[pri:0, instance:script.Demo1@f78a47e]" started-at="2022-05-10T09:28:04 IST" name="initReport" finished-at="2022-05-10T09:28:04 IST" duration-ms="568" status="PASS">
          <reporter-output>
          </reporter-output>
        </test-method> <!-- initReport -->
        <test-method is-config="true" signature="createTest(java.lang.reflect.Method)[pri:0, instance:script.Demo1@f78a47e]" started-at="2022-05-10T09:28:05 IST" name="createTest" finished-at="2022-05-10T09:28:05 IST" duration-ms="1" status="PASS">
          <params>
            <param index="0">
              <value>
                <![CDATA[public void script.Demo1.test1()]]>
              </value>
            </param>
          </params>
          <reporter-output>
          </reporter-output>
        </test-method> <!-- createTest -->
        <test-method is-config="true" signature="openApp(java.lang.String)[pri:0, instance:script.Demo1@f78a47e]" started-at="2022-05-10T09:28:05 IST" name="openApp" finished-at="2022-05-10T09:28:12 IST" duration-ms="6819" status="PASS">
          <params>
            <param index="0">
              <value>
                <![CDATA[qa_config.properties]]>
              </value>
            </param>
          </params>
          <reporter-output>
          </reporter-output>
        </test-method> <!-- openApp -->
        <test-method signature="test1()[pri:1, instance:script.Demo1@f78a47e]" started-at="2022-05-10T09:28:12 IST" name="test1" finished-at="2022-05-10T09:28:14 IST" duration-ms="1755" status="FAIL">
          <exception class="java.lang.AssertionError">
            <message>
              <![CDATA[expected [xyz] but found [abcd]]]>
            </message>
            <full-stacktrace>
              <![CDATA[java.lang.AssertionError: expected [xyz] but found [abcd]
at org.testng.Assert.fail(Assert.java:110)
at org.testng.Assert.failNotEquals(Assert.java:1413)
at org.testng.Assert.assertEqualsImpl(Assert.java:149)
at org.testng.Assert.assertEquals(Assert.java:131)
at org.testng.Assert.assertEquals(Assert.java:655)
at org.testng.Assert.assertEquals(Assert.java:665)
at script.Demo1.test1(Demo1.java:25)
at java.base/jdk.internal.reflect.NativeMethodAccessorImpl.invoke0(Native Method)
at java.base/jdk.internal.reflect.NativeMethodAccessorImpl.invoke(NativeMethodAccessorImpl.java:62)
at java.base/jdk.internal.reflect.DelegatingMethodAccessorImpl.invoke(DelegatingMethodAccessorImpl.java:43)
at java.base/java.lang.reflect.Method.invoke(Method.java:566)
at org.testng.internal.invokers.MethodInvocationHelper.invokeMethod(MethodInvocationHelper.java:135)
at org.testng.internal.invokers.TestInvoker.invokeMethod(TestInvoker.java:673)
at org.testng.internal.invokers.TestInvoker.invokeTestMethod(TestInvoker.java:220)
at org.testng.internal.invokers.MethodRunner.runInSequence(MethodRunner.java:50)
at org.testng.internal.invokers.TestInvoker$MethodInvocationAgent.invoke(TestInvoker.java:945)
at org.testng.internal.invokers.TestInvoker.invokeTestMethods(TestInvoker.java:193)
at org.testng.internal.invokers.TestMethodWorker.invokeTestMethods(TestMethodWorker.java:146)
at org.testng.internal.invokers.TestMethodWorker.run(TestMethodWorker.java:128)
at java.base/java.util.ArrayList.forEach(ArrayList.java:1541)
at org.testng.TestRunner.privateRun(TestRunner.java:808)
at org.testng.TestRunner.run(TestRunner.java:603)
at org.testng.SuiteRunner.runTest(SuiteRunner.java:429)
at org.testng.SuiteRunner.access$000(SuiteRunner.java:32)
at org.testng.SuiteRunner$SuiteWorker.run(SuiteRunner.java:467)
at org.testng.internal.thread.ThreadUtil.lambda$execute$0(ThreadUtil.java:58)
at java.base/java.util.concurrent.FutureTask.run(FutureTask.java:264)
at java.base/java.util.concurrent.ThreadPoolExecutor.runWorker(ThreadPoolExecutor.java:1128)
at java.base/java.util.concurrent.ThreadPoolExecutor$Worker.run(ThreadPoolExecutor.java:628)
at java.base/java.lang.Thread.run(Thread.java:834)
]]>
            </full-stacktrace>
          </exception> <!-- java.lang.AssertionError -->
          <reporter-output>
            <line>
              <![CDATA[Facebook – log in or sign up]]>
            </line>
            <line>
              <![CDATA[admin]]>
            </line>
            <line>
              <![CDATA[manager]]>
            </line>
            <line>
              <![CDATA[bhanu]]>
            </line>
            <line>
              <![CDATA[abcd]]>
            </line>
            <line>
              <![CDATA[akshara]]>
            </line>
            <line>
              <![CDATA[xyz]]>
            </line>
          </reporter-output>
        </test-method> <!-- test1 -->
        <test-method is-config="true" signature="closeApp(org.testng.ITestResult)[pri:0, instance:script.Demo1@f78a47e]" started-at="2022-05-10T09:28:14 IST" name="closeApp" finished-at="2022-05-10T09:28:15 IST" duration-ms="934" status="PASS">
          <params>
            <param index="0">
              <value>
                <![CDATA[[TestResult name=test1 status=FAILURE method=Demo1.test1()[pri:1, instance:script.Demo1@f78a47e] output=Facebook – log in or sign up]]]>
              </value>
            </param>
          </params>
          <reporter-output>
          </reporter-output>
        </test-method> <!-- closeApp -->
        <test-method is-config="true" signature="publishReport()[pri:0, instance:script.Demo1@f78a47e]" started-at="2022-05-10T09:28:15 IST" name="publishReport" finished-at="2022-05-10T09:28:15 IST" duration-ms="121" status="PASS">
          <reporter-output>
          </reporter-output>
        </test-method> <!-- publishReport -->
      </class> <!-- script.Demo1 -->
    </test> <!-- Test1 -->
  </suite> <!-- Suite -->
</testng-results>
